Using pre-set license
Built from '2021.3/staging' branch; Version is '2021.3.18f1 (3129e69bc0c7) revision 3221990'; Using compiler version '192829333'; Build Type 'Release'
OS: 'Windows 10  (10.0.19045) 64bit Enterprise' Language: 'en' Physical Memory: 32586 MB
BatchMode: 1, IsHumanControllingUs: 0, StartBugReporterOnCrash: 0, Is64bit: 1, IsPro: 1

COMMAND LINE ARGUMENTS:
C:\Program Files\Unity 2021.3.18f1\Editor\Unity.exe
-adb2
-batchMode
-noUpm
-name
AssetImportWorker2
-projectPath
C:/Users/gmendi10/Unity/PROG2006_A2
-logFile
Logs/AssetImportWorker2.log
-srvPort
50491
Successfully changed project path to: C:/Users/gmendi10/Unity/PROG2006_A2
C:/Users/gmendi10/Unity/PROG2006_A2
[UnityMemory] Configuration Parameters - Can be set up in boot.config
    "memorysetup-bucket-allocator-granularity=16"
    "memorysetup-bucket-allocator-bucket-count=8"
    "memorysetup-bucket-allocator-block-size=33554432"
    "memorysetup-bucket-allocator-block-count=8"
    "memorysetup-main-allocator-block-size=16777216"
    "memorysetup-thread-allocator-block-size=16777216"
    "memorysetup-gfx-main-allocator-block-size=16777216"
    "memorysetup-gfx-thread-allocator-block-size=16777216"
    "memorysetup-cache-allocator-block-size=4194304"
    "memorysetup-typetree-allocator-block-size=2097152"
    "memorysetup-profiler-bucket-allocator-granularity=16"
    "memorysetup-profiler-bucket-allocator-bucket-count=8"
    "memorysetup-profiler-bucket-allocator-block-size=33554432"
    "memorysetup-profiler-bucket-allocator-block-count=8"
    "memorysetup-profiler-allocator-block-size=16777216"
    "memorysetup-profiler-editor-allocator-block-size=1048576"
    "memorysetup-temp-allocator-size-main=16777216"
    "memorysetup-job-temp-allocator-block-size=2097152"
    "memorysetup-job-temp-allocator-block-size-background=1048576"
    "memorysetup-job-temp-allocator-reduction-small-platforms=262144"
    "memorysetup-temp-allocator-size-background-worker=32768"
    "memorysetup-temp-allocator-size-job-worker=262144"
    "memorysetup-temp-allocator-size-preload-manager=33554432"
    "memorysetup-temp-allocator-size-nav-mesh-worker=65536"
    "memorysetup-temp-allocator-size-audio-worker=65536"
    "memorysetup-temp-allocator-size-cloud-worker=32768"
    "memorysetup-temp-allocator-size-gi-baking-worker=262144"
    "memorysetup-temp-allocator-size-gfx=262144"
Player connection [12756] Host "[IP] 10.115.1.83 [Port] 0 [Flags] 2 [Guid] 2986762753 [EditorId] 2986762753 [Version] 1048832 [Id] WindowsEditor(7,GC-B425-02) [Debug] 1 [PackageName] WindowsEditor [ProjectName] Editor" joined multi-casting on [225.0.0.222:54997]...

Player connection [12756] Host "[IP] 10.115.1.83 [Port] 0 [Flags] 2 [Guid] 2986762753 [EditorId] 2986762753 [Version] 1048832 [Id] WindowsEditor(7,GC-B425-02) [Debug] 1 [PackageName] WindowsEditor [ProjectName] Editor" joined alternative multi-casting on [225.0.0.222:34997]...

Refreshing native plugins compatible for Editor in 86.80 ms, found 4 plugins.
Preloading 0 native plugins for Editor in 0.00 ms.
Initialize engine version: 2021.3.18f1 (3129e69bc0c7)
[Subsystems] Discovering subsystems at path C:/Program Files/Unity 2021.3.18f1/Editor/Data/Resources/UnitySubsystems
[Subsystems] Discovering subsystems at path C:/Users/gmendi10/Unity/PROG2006_A2/Assets
GfxDevice: creating device client; threaded=0; jobified=0
Direct3D:
    Version:  Direct3D 11.0 [level 11.1]
    Renderer: NVIDIA GeForce RTX 2070 (ID=0x1f07)
    Vendor:   NVIDIA
    VRAM:     8031 MB
    Driver:   25.21.14.1917
Initialize mono
Mono path[0] = 'C:/Program Files/Unity 2021.3.18f1/Editor/Data/Managed'
Mono path[1] = 'C:/Program Files/Unity 2021.3.18f1/Editor/Data/MonoBleedingEdge/lib/mono/unityjit-win32'
Mono config path = 'C:/Program Files/Unity 2021.3.18f1/Editor/Data/MonoBleedingEdge/etc'
Using monoOptions --debugger-agent=transport=dt_socket,embedding=1,server=y,suspend=n,address=127.0.0.1:56672
Begin MonoManager ReloadAssembly
Registering precompiled unity dll's ...
Register platform support module: C:/Program Files/Unity 2021.3.18f1/Editor/Data/PlaybackEngines/WebGLSupport/UnityEditor.WebGL.Extensions.dll
Register platform support module: C:/Program Files/Unity 2021.3.18f1/Editor/Data/PlaybackEngines/MacStandaloneSupport/UnityEditor.OSXStandalone.Extensions.dll
Register platform support module: C:/Program Files/Unity 2021.3.18f1/Editor/Data/PlaybackEngines/AndroidPlayer/UnityEditor.Android.Extensions.dll
Register platform support module: C:/Program Files/Unity 2021.3.18f1/Editor/Data/PlaybackEngines/iOSSupport/UnityEditor.iOS.Extensions.dll
Register platform support module: C:/Program Files/Unity 2021.3.18f1/Editor/Data/PlaybackEngines/AppleTVSupport/UnityEditor.AppleTV.Extensions.dll
Register platform support module: C:/Program Files/Unity 2021.3.18f1/Editor/Data/PlaybackEngines/WindowsStandaloneSupport/UnityEditor.WindowsStandalone.Extensions.dll
Register platform support module: C:/Program Files/Unity 2021.3.18f1/Editor/Data/PlaybackEngines/LinuxStandaloneSupport/UnityEditor.LinuxStandalone.Extensions.dll
Register platform support module: C:/Program Files/Unity 2021.3.18f1/Editor/Data/PlaybackEngines/MetroSupport/UnityEditor.UWP.Extensions.dll
Registered in 0.009770 seconds.
Native extension for UWP target not found
Native extension for LinuxStandalone target not found
Native extension for WindowsStandalone target not found
[usbmuxd] Start listen thread
[usbmuxd] Listen thread started
[usbmuxd] Send listen message
Native extension for AppleTV target not found
[usbmuxd] Start listen thread
[usbmuxd] Listen thread started
[usbmuxd] Send listen message
Native extension for iOS target not found
Native extension for Android target not found
Native extension for OSXStandalone target not found
Native extension for WebGL target not found
Refreshing native plugins compatible for Editor in 83.55 ms, found 4 plugins.
Preloading 0 native plugins for Editor in 0.00 ms.
Mono: successfully reloaded assembly
- Completed reload, in  0.636 seconds
Domain Reload Profiling:
	ReloadAssembly (637ms)
		BeginReloadAssembly (69ms)
			ExecutionOrderSort (0ms)
			DisableScriptedObjects (0ms)
			BackupInstance (0ms)
			ReleaseScriptingObjects (0ms)
			CreateAndSetChildDomain (1ms)
		EndReloadAssembly (459ms)
			LoadAssemblies (69ms)
			RebuildTransferFunctionScriptingTraits (0ms)
			SetupTypeCache (103ms)
			ReleaseScriptCaches (0ms)
			RebuildScriptCaches (27ms)
			SetupLoadedEditorAssemblies (280ms)
				LogAssemblyErrors (0ms)
				InitializePlatformSupportModulesInManaged (71ms)
				SetLoadedEditorAssemblies (0ms)
				RefreshPlugins (84ms)
				BeforeProcessingInitializeOnLoad (1ms)
				ProcessInitializeOnLoadAttributes (82ms)
				ProcessInitializeOnLoadMethodAttributes (42ms)
				AfterProcessingInitializeOnLoad (0ms)
				EditorAssembliesLoaded (0ms)
			ExecutionOrderSort2 (0ms)
			AwakeInstancesAfterBackupRestoration (0ms)
Platform modules already initialized, skipping
Registering precompiled user dll's ...
Registered in 0.007681 seconds.
Begin MonoManager ReloadAssembly
Symbol file LoadedFromMemory doesn't match image C:\Users\gmendi10\Unity\PROG2006_A2\Library\PackageCache\com.unity.visualscripting@1.8.0\Editor\VisualScripting.Core\Dependencies\YamlDotNet\Unity.VisualScripting.YamlDotNet.dll
Symbol file LoadedFromMemory doesn't match image C:\Users\gmendi10\Unity\PROG2006_A2\Library\PackageCache\com.unity.visualscripting@1.8.0\Editor\VisualScripting.Core\Dependencies\DotNetZip\Unity.VisualScripting.IonicZip.dll
Native extension for UWP target not found
Native extension for LinuxStandalone target not found
Native extension for WindowsStandalone target not found
Native extension for AppleTV target not found
Native extension for iOS target not found
Native extension for Android target not found
Native extension for OSXStandalone target not found
Native extension for WebGL target not found
Refreshing native plugins compatible for Editor in 83.46 ms, found 4 plugins.
Preloading 0 native plugins for Editor in 0.00 ms.
Mono: successfully reloaded assembly
- Completed reload, in  1.063 seconds
Domain Reload Profiling:
	ReloadAssembly (1064ms)
		BeginReloadAssembly (101ms)
			ExecutionOrderSort (0ms)
			DisableScriptedObjects (6ms)
			BackupInstance (0ms)
			ReleaseScriptingObjects (0ms)
			CreateAndSetChildDomain (18ms)
		EndReloadAssembly (852ms)
			LoadAssemblies (80ms)
			RebuildTransferFunctionScriptingTraits (0ms)
			SetupTypeCache (221ms)
			ReleaseScriptCaches (1ms)
			RebuildScriptCaches (52ms)
			SetupLoadedEditorAssemblies (450ms)
				LogAssemblyErrors (0ms)
				InitializePlatformSupportModulesInManaged (41ms)
				SetLoadedEditorAssemblies (0ms)
				RefreshPlugins (84ms)
				BeforeProcessingInitializeOnLoad (90ms)
				ProcessInitializeOnLoadAttributes (190ms)
				ProcessInitializeOnLoadMethodAttributes (38ms)
				AfterProcessingInitializeOnLoad (8ms)
				EditorAssembliesLoaded (0ms)
			ExecutionOrderSort2 (0ms)
			AwakeInstancesAfterBackupRestoration (6ms)
Platform modules already initialized, skipping
========================================================================
Worker process is ready to serve import requests
Launched and connected shader compiler UnityShaderCompiler.exe after 0.07 seconds
Refreshing native plugins compatible for Editor in 0.54 ms, found 4 plugins.
Preloading 0 native plugins for Editor in 0.00 ms.
Unloading 3791 Unused Serialized files (Serialized files now loaded: 0)
Unloading 35 unused Assets / (56.6 KB). Loaded Objects now: 4254.
Memory consumption went from 146.3 MB to 146.3 MB.
Total: 3.098300 ms (FindLiveObjects: 0.270700 ms CreateObjectMapping: 0.223400 ms MarkObjects: 2.536200 ms  DeleteObjects: 0.067100 ms)

AssetImportParameters requested are different than current active one (requested -> active):
  custom:video-decoder-ogg-theora: a1e56fd34408186e4bbccfd4996cb3dc -> 
  custom:container-muxer-webm: aa71ff27fc2769a1b78a27578f13a17b -> 
  custom:container-demuxer-webm: 4f35f7cbe854078d1ac9338744f61a02 -> 
  custom:video-encoder-webm-vp8: eb34c28f22e8b96e1ab97ce403110664 -> 
  custom:audio-encoder-webm-vorbis: bf7c407c2cedff20999df2af8eb42d56 -> 
  custom:framework-win-MediaFoundation: 216162199b28c13a410421893ffa2e32 -> 
  custom:container-demuxer-ogg: 62fdf1f143b41e24485cea50d1cbac27 -> 
  custom:video-decoder-webm-vp8: 9c59270c3fd7afecdb556c50c9e8de78 -> 
  custom:audio-decoder-ogg-vorbis: bf7c407c2cedff20999df2af8eb42d56 -> 
========================================================================
Received Import Request.
  Time since last request: 42443.035725 seconds.
  path: Assets/Scenes/Credits.unity
  artifactKey: Guid(699c385e0bc6ab84ead069154ea22d6d) Importer(815301076,1909f56bfc062723c751e8b465ee728b)
Start importing Assets/Scenes/Credits.unity using Guid(699c385e0bc6ab84ead069154ea22d6d) Importer(815301076,1909f56bfc062723c751e8b465ee728b)  -> (artifact id: '98de442458a4eeda50db8bf8584668cd') in 0.012317 seconds 
========================================================================
Received Import Request.
  Time since last request: 39.868284 seconds.
  path: Assets/Scenes/Page5.unity
  artifactKey: Guid(0e9dc27c04594f442a0ae28293e1cf79) Importer(815301076,1909f56bfc062723c751e8b465ee728b)
Start importing Assets/Scenes/Page5.unity using Guid(0e9dc27c04594f442a0ae28293e1cf79) Importer(815301076,1909f56bfc062723c751e8b465ee728b)  -> (artifact id: '0cb877bf6168adb3bd54f5ed808c6b84') in 0.008581 seconds 
========================================================================
Received Import Request.
  Time since last request: 2.275961 seconds.
  path: Assets/Scenes/Page4.unity
  artifactKey: Guid(4e923019722ecbf47ad84ce41682712a) Importer(815301076,1909f56bfc062723c751e8b465ee728b)
Start importing Assets/Scenes/Page4.unity using Guid(4e923019722ecbf47ad84ce41682712a) Importer(815301076,1909f56bfc062723c751e8b465ee728b)  -> (artifact id: '73e26c84d31797cc7bb8aac43855ede9') in 0.007615 seconds 
========================================================================
Received Import Request.
  Time since last request: 126.867792 seconds.
  path: Assets/Prefabs/Navigation.prefab
  artifactKey: Guid(b932af7b49c36a240903d80351220d16) Importer(815301076,1909f56bfc062723c751e8b465ee728b)
Start importing Assets/Prefabs/Navigation.prefab using Guid(b932af7b49c36a240903d80351220d16) Importer(815301076,1909f56bfc062723c751e8b465ee728b)  -> (artifact id: 'a259c3907fb5af9402dcb566d2908b84') in 0.188561 seconds 
========================================================================
Received Import Request.
  Time since last request: 34.687377 seconds.
  path: Assets/Prefabs/Text Area.prefab
  artifactKey: Guid(9f05bd3b127b77a40b7d6bf7df68637b) Importer(815301076,1909f56bfc062723c751e8b465ee728b)
Start importing Assets/Prefabs/Text Area.prefab using Guid(9f05bd3b127b77a40b7d6bf7df68637b) Importer(815301076,1909f56bfc062723c751e8b465ee728b)  -> (artifact id: 'ea324b1de1493b67b1ea63d2d61753e0') in 0.052379 seconds 
========================================================================
Received Import Request.
  Time since last request: 6.777468 seconds.
  path: Assets/Prefabs/Text Area.prefab
  artifactKey: Guid(9f05bd3b127b77a40b7d6bf7df68637b) Importer(815301076,1909f56bfc062723c751e8b465ee728b)
Start importing Assets/Prefabs/Text Area.prefab using Guid(9f05bd3b127b77a40b7d6bf7df68637b) Importer(815301076,1909f56bfc062723c751e8b465ee728b)  -> (artifact id: '944fabdb2c6836835c863c7365305bab') in 0.026874 seconds 
========================================================================
Received Import Request.
  Time since last request: 5.720307 seconds.
  path: Assets/Prefabs/Text Area.prefab
  artifactKey: Guid(9f05bd3b127b77a40b7d6bf7df68637b) Importer(815301076,1909f56bfc062723c751e8b465ee728b)
Start importing Assets/Prefabs/Text Area.prefab using Guid(9f05bd3b127b77a40b7d6bf7df68637b) Importer(815301076,1909f56bfc062723c751e8b465ee728b)  -> (artifact id: 'd9b6a1ca6912e7f2e303ca42e4c77d5c') in 0.025818 seconds 
========================================================================
Received Import Request.
  Time since last request: 293.752764 seconds.
  path: Assets/Prefabs/TextArea.prefab
  artifactKey: Guid(93793214a7143514c897d95ecba58a75) Importer(815301076,1909f56bfc062723c751e8b465ee728b)
Start importing Assets/Prefabs/TextArea.prefab using Guid(93793214a7143514c897d95ecba58a75) Importer(815301076,1909f56bfc062723c751e8b465ee728b)  -> (artifact id: '5527aff767ee19305692b5a37dac1294') in 0.009086 seconds 
========================================================================
Received Import Request.
  Time since last request: 260.019580 seconds.
  path: Assets/Prefabs/TextArea.prefab
  artifactKey: Guid(93793214a7143514c897d95ecba58a75) Importer(815301076,1909f56bfc062723c751e8b465ee728b)
Start importing Assets/Prefabs/TextArea.prefab using Guid(93793214a7143514c897d95ecba58a75) Importer(815301076,1909f56bfc062723c751e8b465ee728b)  -> (artifact id: 'f7ce6c47a8ba8822f8915a2cbed01ffb') in 0.040561 seconds 
========================================================================
Received Import Request.
  Time since last request: 53.955430 seconds.
  path: Assets/Scenes/Page2.unity
  artifactKey: Guid(43a327f8970963f45a63d255e68d65a0) Importer(815301076,1909f56bfc062723c751e8b465ee728b)
Start importing Assets/Scenes/Page2.unity using Guid(43a327f8970963f45a63d255e68d65a0) Importer(815301076,1909f56bfc062723c751e8b465ee728b)  -> (artifact id: 'e7e4a4d0a15da4a00aa0f04dc27ca600') in 0.007504 seconds 
========================================================================
Received Import Request.
  Time since last request: 74.623957 seconds.
  path: Assets/Scenes/StartPage.unity
  artifactKey: Guid(2cda990e2423bbf4892e6590ba056729) Importer(815301076,1909f56bfc062723c751e8b465ee728b)
Start importing Assets/Scenes/StartPage.unity using Guid(2cda990e2423bbf4892e6590ba056729) Importer(815301076,1909f56bfc062723c751e8b465ee728b)  -> (artifact id: 'c6e24691fa10ffc12f34271b3488a0c5') in 0.007614 seconds 
========================================================================
Received Import Request.
  Time since last request: 15.680680 seconds.
  path: Assets/Prefabs
  artifactKey: Guid(1bfe1b1c000662fc1b6aa51b396f0fa4) Importer(815301076,1909f56bfc062723c751e8b465ee728b)
Start importing Assets/Prefabs using Guid(1bfe1b1c000662fc1b6aa51b396f0fa4) Importer(815301076,1909f56bfc062723c751e8b465ee728b)  -> (artifact id: 'ef12f3ecff7cc3bc9838ea6d098ecc31') in 0.007272 seconds 
